  StdAfx.cpp
  CAutoSave.cpp
  CBlockComment.cpp
  CBregexp.cpp
  CCommandLine.cpp
  CControlProcess.cpp
  CDialog.cpp
  CDicMgr.cpp
  CDlgAbout.cpp
  CDlgCancel.cpp
  CDlgCompare.cpp
  CDlgCtrlCode.cpp
  CDlgDebug.cpp
  CDlgDiff.cpp
  CDlgExec.cpp
  CDlgFavorite.cpp
  CDlgFileUpdateQuery.cpp
  CDlgFind.cpp
  CDlgFuncList.cpp
  CDlgGrep.cpp
  CDlgInput1.cpp
  CDlgJump.cpp
  CDlgKeywordSelect.cpp
  CDlgOpenFile.cpp
  CDlgPrintPage.cpp
  CDlgPrintSetting.cpp
  CDlgProperty.cpp
  CDlgReplace.cpp
  CDlgSameColor.cpp
  CDlgTagJumpList.cpp
  CDlgTagsMake.cpp
  CDlgTypeList.cpp
  CDlgWinSize.cpp
  CDllHandler.cpp
  CDocLine.cpp
  CDocLineMgr.cpp
  CDocLineMgr_New.cpp
  CDropTarget.cpp
  CEditApp.cpp
  CEditDoc.cpp
  CEditDoc_FuncList1.cpp
  CEditDoc_FuncList2.cpp
  CEditDoc_FuncList3.cpp
  CEditDoc_new.cpp
  CEditView.cpp
  CEditView_Cmdgrep.cpp
  CEditView_CmdHokan.cpp
  CEditView_Cmdisrch.cpp
  CEditView_Command.cpp
  CEditView_Command_New.cpp
  CEditView_Diff.cpp
  CEditView_New.cpp
  CEditView_New2.cpp
  CEditView_New3.cpp
  CEditWnd.cpp
  CEol.cpp
  CESI.cpp
  CFileExt.cpp
  CFileLoad.cpp
  CFileWrite.cpp
  CFuncInfo.cpp
  CFuncInfoArr.cpp
  CFuncKeyWnd.cpp
  CFuncLookup.cpp
  charcode.cpp
  CHokanMgr.cpp
  CHtmlHelp.cpp
  CImageListMgr.cpp
  CKeyBind.cpp
  CKeyMacroMgr.cpp
  CKeyWordSetMgr.cpp
  CLayout.cpp
  CLayoutMgr.cpp
  CLayoutMgr_New.cpp
  CLayoutMgr_New2.cpp
  CLineComment.cpp
  CMacro.cpp
  CMacroFactory.cpp
  CMacroManagerBase.cpp
  CMarkMgr.cpp
  CMemory.cpp
  CMenuDrawer.cpp
  CMigemo.cpp
  CMRU.cpp
  CMRUFolder.cpp
  CNormalProcess.cpp
  COpe.cpp
  COpeBlk.cpp
  COpeBuf.cpp
  CPPA.cpp
  CPPAMacroMgr.cpp
  CPrint.cpp
  CPrintPreview.cpp
  CProcess.cpp
  CProcessFactory.cpp
  CProfile.cpp
  CPropComBackup.cpp
  CPropComCustmenu.cpp
  CPropComEdit.cpp
  CPropComFile.cpp
  CPropComFileName.cpp
  CPropComFormat.cpp
  CPropComGrep.cpp
  CPropComHelper.cpp
  CPropComKeybind.cpp
  CPropComKeyword.cpp
  CPropComMacro.cpp
  CPropCommon.cpp
  CPropComTab.cpp
  CPropComToolbar.cpp
  CPropComWin.cpp
  CPropTypes.cpp
  CPropTypesKeyHelp.cpp
  CPropTypesRegex.cpp
  CRecent.cpp
  CRegexKeyword.cpp
  CRunningTimer.cpp
  CShareData.cpp
  CShareData_new.cpp
  CSMacroMgr.cpp
  CSortedTagJumpList.cpp
  CSplitBoxWnd.cpp
  CSplitterWnd.cpp
  CTabWnd.cpp
  CTipWnd.cpp
  CUxTheme.cpp
  CWaitCursor.cpp
  CWnd.cpp
  CWSH.cpp
  Debug.cpp
  Funccode.cpp
  global.cpp
  my_icmp.cpp
  WinMain.cpp
  etc_uty.cpp
  MY_SP.C
  コード生成しています。
  コード生成が終了しました。
  sakura.vcxproj -> D:\usr\koei\tenshouki95\dllwrap\sakura\sakura_1660\sakura\.\Release_one\sakura.exe
