d:\usr\koei\tenshouki95\dllwrap\sakura\sakura_1660\sakura\release_one\sakura.pch
d:\usr\koei\tenshouki95\dllwrap\sakura\sakura_1660\sakura\release_one\vc141.pdb
d:\usr\koei\tenshouki95\dllwrap\sakura\sakura_1660\sakura\release_one\stdafx.obj
d:\usr\koei\tenshouki95\dllwrap\sakura\sakura_1660\sakura\release_one\cdlgfileupdatequery.obj
d:\usr\koei\tenshouki95\dllwrap\sakura\sakura_1660\sakura\release_one\cdlgprintpage.obj
d:\usr\koei\tenshouki95\dllwrap\sakura\sakura_1660\sakura\release_one\ceditdoc_funclist2.obj
d:\usr\koei\tenshouki95\dllwrap\sakura\sakura_1660\sakura\release_one\chokanmgr.obj
d:\usr\koei\tenshouki95\dllwrap\sakura\sakura_1660\sakura\release_one\cprocessfactory.obj
d:\usr\koei\tenshouki95\dllwrap\sakura\sakura_1660\sakura\release_one\cpropcomwin.obj
d:\usr\koei\tenshouki95\dllwrap\sakura\sakura_1660\sakura\release_one\cdlgctrlcode.obj
d:\usr\koei\tenshouki95\dllwrap\sakura\sakura_1660\sakura\release_one\cdllhandler.obj
d:\usr\koei\tenshouki95\dllwrap\sakura\sakura_1660\sakura\release_one\ceditapp.obj
d:\usr\koei\tenshouki95\dllwrap\sakura\sakura_1660\sakura\release_one\ceol.obj
d:\usr\koei\tenshouki95\dllwrap\sakura\sakura_1660\sakura\release_one\cesi.obj
d:\usr\koei\tenshouki95\dllwrap\sakura\sakura_1660\sakura\release_one\cfileext.obj
d:\usr\koei\tenshouki95\dllwrap\sakura\sakura_1660\sakura\release_one\cfileload.obj
d:\usr\koei\tenshouki95\dllwrap\sakura\sakura_1660\sakura\release_one\cfilewrite.obj
d:\usr\koei\tenshouki95\dllwrap\sakura\sakura_1660\sakura\release_one\cfuncinfoarr.obj
d:\usr\koei\tenshouki95\dllwrap\sakura\sakura_1660\sakura\release_one\cfunclookup.obj
d:\usr\koei\tenshouki95\dllwrap\sakura\sakura_1660\sakura\release_one\cmrufolder.obj
d:\usr\koei\tenshouki95\dllwrap\sakura\sakura_1660\sakura\release_one\cpropcomhelper.obj
d:\usr\koei\tenshouki95\dllwrap\sakura\sakura_1660\sakura\release_one\csortedtagjumplist.obj
d:\usr\koei\tenshouki95\dllwrap\sakura\sakura_1660\sakura\release_one\csplitboxwnd.obj
d:\usr\koei\tenshouki95\dllwrap\sakura\sakura_1660\sakura\release_one\csplitterwnd.obj
d:\usr\koei\tenshouki95\dllwrap\sakura\sakura_1660\sakura\release_one\cdlgexec.obj
d:\usr\koei\tenshouki95\dllwrap\sakura\sakura_1660\sakura\release_one\cdlgsamecolor.obj
d:\usr\koei\tenshouki95\dllwrap\sakura\sakura_1660\sakura\release_one\ceditview_new.obj
d:\usr\koei\tenshouki95\dllwrap\sakura\sakura_1660\sakura\release_one\cmacro.obj
d:\usr\koei\tenshouki95\dllwrap\sakura\sakura_1660\sakura\release_one\cpropcomfile.obj
d:\usr\koei\tenshouki95\dllwrap\sakura\sakura_1660\sakura\release_one\cregexkeyword.obj
d:\usr\koei\tenshouki95\dllwrap\sakura\sakura_1660\sakura\release_one\cdlgcancel.obj
d:\usr\koei\tenshouki95\dllwrap\sakura\sakura_1660\sakura\release_one\cdlgopenfile.obj
d:\usr\koei\tenshouki95\dllwrap\sakura\sakura_1660\sakura\release_one\ceditdoc_new.obj
d:\usr\koei\tenshouki95\dllwrap\sakura\sakura_1660\sakura\release_one\ckeymacromgr.obj
d:\usr\koei\tenshouki95\dllwrap\sakura\sakura_1660\sakura\release_one\cprofile.obj
d:\usr\koei\tenshouki95\dllwrap\sakura\sakura_1660\sakura\release_one\cpropcomtoolbar.obj
d:\usr\koei\tenshouki95\dllwrap\sakura\sakura_1660\sakura\release_one\my_icmp.obj
d:\usr\koei\tenshouki95\dllwrap\sakura\sakura_1660\sakura\release_one\cbregexp.obj
d:\usr\koei\tenshouki95\dllwrap\sakura\sakura_1660\sakura\release_one\cdlgkeywordselect.obj
d:\usr\koei\tenshouki95\dllwrap\sakura\sakura_1660\sakura\release_one\ceditdoc_funclist1.obj
d:\usr\koei\tenshouki95\dllwrap\sakura\sakura_1660\sakura\release_one\cfuncinfo.obj
d:\usr\koei\tenshouki95\dllwrap\sakura\sakura_1660\sakura\release_one\cfunckeywnd.obj
d:\usr\koei\tenshouki95\dllwrap\sakura\sakura_1660\sakura\release_one\cprocess.obj
d:\usr\koei\tenshouki95\dllwrap\sakura\sakura_1660\sakura\release_one\cpropcomtab.obj
d:\usr\koei\tenshouki95\dllwrap\sakura\sakura_1660\sakura\release_one\cwnd.obj
d:\usr\koei\tenshouki95\dllwrap\sakura\sakura_1660\sakura\release_one\debug.obj
d:\usr\koei\tenshouki95\dllwrap\sakura\sakura_1660\sakura\release_one\global.obj
d:\usr\koei\tenshouki95\dllwrap\sakura\sakura_1660\sakura\release_one\cdlgabout.obj
d:\usr\koei\tenshouki95\dllwrap\sakura\sakura_1660\sakura\release_one\cdlgproperty.obj
d:\usr\koei\tenshouki95\dllwrap\sakura\sakura_1660\sakura\release_one\ceditview_cmdhokan.obj
d:\usr\koei\tenshouki95\dllwrap\sakura\sakura_1660\sakura\release_one\clayout.obj
d:\usr\koei\tenshouki95\dllwrap\sakura\sakura_1660\sakura\release_one\clinecomment.obj
d:\usr\koei\tenshouki95\dllwrap\sakura\sakura_1660\sakura\release_one\cmacrofactory.obj
d:\usr\koei\tenshouki95\dllwrap\sakura\sakura_1660\sakura\release_one\cprintpreview.obj
d:\usr\koei\tenshouki95\dllwrap\sakura\sakura_1660\sakura\release_one\cproptypes.obj
d:\usr\koei\tenshouki95\dllwrap\sakura\sakura_1660\sakura\release_one\cdlgcompare.obj
d:\usr\koei\tenshouki95\dllwrap\sakura\sakura_1660\sakura\release_one\cdocline.obj
d:\usr\koei\tenshouki95\dllwrap\sakura\sakura_1660\sakura\release_one\cdoclinemgr_new.obj
d:\usr\koei\tenshouki95\dllwrap\sakura\sakura_1660\sakura\release_one\ceditview_cmdisrch.obj
d:\usr\koei\tenshouki95\dllwrap\sakura\sakura_1660\sakura\release_one\clayoutmgr_new2.obj
d:\usr\koei\tenshouki95\dllwrap\sakura\sakura_1660\sakura\release_one\cpropcombackup.obj
d:\usr\koei\tenshouki95\dllwrap\sakura\sakura_1660\sakura\release_one\cproptypeskeyhelp.obj
d:\usr\koei\tenshouki95\dllwrap\sakura\sakura_1660\sakura\release_one\cdialog.obj
d:\usr\koei\tenshouki95\dllwrap\sakura\sakura_1660\sakura\release_one\cdlgprintsetting.obj
d:\usr\koei\tenshouki95\dllwrap\sakura\sakura_1660\sakura\release_one\ceditdoc_funclist3.obj
d:\usr\koei\tenshouki95\dllwrap\sakura\sakura_1660\sakura\release_one\chtmlhelp.obj
d:\usr\koei\tenshouki95\dllwrap\sakura\sakura_1660\sakura\release_one\ckeybind.obj
d:\usr\koei\tenshouki95\dllwrap\sakura\sakura_1660\sakura\release_one\cope.obj
d:\usr\koei\tenshouki95\dllwrap\sakura\sakura_1660\sakura\release_one\copeblk.obj
d:\usr\koei\tenshouki95\dllwrap\sakura\sakura_1660\sakura\release_one\copebuf.obj
d:\usr\koei\tenshouki95\dllwrap\sakura\sakura_1660\sakura\release_one\cppa.obj
d:\usr\koei\tenshouki95\dllwrap\sakura\sakura_1660\sakura\release_one\cpropcommon.obj
d:\usr\koei\tenshouki95\dllwrap\sakura\sakura_1660\sakura\release_one\funccode.obj
d:\usr\koei\tenshouki95\dllwrap\sakura\sakura_1660\sakura\release_one\winmain.obj
d:\usr\koei\tenshouki95\dllwrap\sakura\sakura_1660\sakura\release_one\cautosave.obj
d:\usr\koei\tenshouki95\dllwrap\sakura\sakura_1660\sakura\release_one\cdlgfunclist.obj
d:\usr\koei\tenshouki95\dllwrap\sakura\sakura_1660\sakura\release_one\cdroptarget.obj
d:\usr\koei\tenshouki95\dllwrap\sakura\sakura_1660\sakura\release_one\ceditview_new3.obj
d:\usr\koei\tenshouki95\dllwrap\sakura\sakura_1660\sakura\release_one\ceditwnd.obj
d:\usr\koei\tenshouki95\dllwrap\sakura\sakura_1660\sakura\release_one\cmru.obj
d:\usr\koei\tenshouki95\dllwrap\sakura\sakura_1660\sakura\release_one\cpropcomgrep.obj
d:\usr\koei\tenshouki95\dllwrap\sakura\sakura_1660\sakura\release_one\csmacromgr.obj
d:\usr\koei\tenshouki95\dllwrap\sakura\sakura_1660\sakura\release_one\cdlgdebug.obj
d:\usr\koei\tenshouki95\dllwrap\sakura\sakura_1660\sakura\release_one\cdlggrep.obj
d:\usr\koei\tenshouki95\dllwrap\sakura\sakura_1660\sakura\release_one\cdlgwinsize.obj
d:\usr\koei\tenshouki95\dllwrap\sakura\sakura_1660\sakura\release_one\ceditview.obj
d:\usr\koei\tenshouki95\dllwrap\sakura\sakura_1660\sakura\release_one\cmigemo.obj
d:\usr\koei\tenshouki95\dllwrap\sakura\sakura_1660\sakura\release_one\cpropcomfilename.obj
d:\usr\koei\tenshouki95\dllwrap\sakura\sakura_1660\sakura\release_one\crunningtimer.obj
d:\usr\koei\tenshouki95\dllwrap\sakura\sakura_1660\sakura\release_one\csharedata.obj
d:\usr\koei\tenshouki95\dllwrap\sakura\sakura_1660\sakura\release_one\cdicmgr.obj
d:\usr\koei\tenshouki95\dllwrap\sakura\sakura_1660\sakura\release_one\cdlginput1.obj
d:\usr\koei\tenshouki95\dllwrap\sakura\sakura_1660\sakura\release_one\cdlgjump.obj
d:\usr\koei\tenshouki95\dllwrap\sakura\sakura_1660\sakura\release_one\ceditdoc.obj
d:\usr\koei\tenshouki95\dllwrap\sakura\sakura_1660\sakura\release_one\charcode.obj
d:\usr\koei\tenshouki95\dllwrap\sakura\sakura_1660\sakura\release_one\cimagelistmgr.obj
d:\usr\koei\tenshouki95\dllwrap\sakura\sakura_1660\sakura\release_one\cppamacromgr.obj
d:\usr\koei\tenshouki95\dllwrap\sakura\sakura_1660\sakura\release_one\cpropcomkeybind.obj
d:\usr\koei\tenshouki95\dllwrap\sakura\sakura_1660\sakura\release_one\ctipwnd.obj
d:\usr\koei\tenshouki95\dllwrap\sakura\sakura_1660\sakura\release_one\ccommandline.obj
d:\usr\koei\tenshouki95\dllwrap\sakura\sakura_1660\sakura\release_one\cdlgreplace.obj
d:\usr\koei\tenshouki95\dllwrap\sakura\sakura_1660\sakura\release_one\ceditview_cmdgrep.obj
d:\usr\koei\tenshouki95\dllwrap\sakura\sakura_1660\sakura\release_one\ckeywordsetmgr.obj
d:\usr\koei\tenshouki95\dllwrap\sakura\sakura_1660\sakura\release_one\clayoutmgr_new.obj
d:\usr\koei\tenshouki95\dllwrap\sakura\sakura_1660\sakura\release_one\cpropcomedit.obj
d:\usr\koei\tenshouki95\dllwrap\sakura\sakura_1660\sakura\release_one\crecent.obj
d:\usr\koei\tenshouki95\dllwrap\sakura\sakura_1660\sakura\release_one\cblockcomment.obj
d:\usr\koei\tenshouki95\dllwrap\sakura\sakura_1660\sakura\release_one\cdlgfind.obj
d:\usr\koei\tenshouki95\dllwrap\sakura\sakura_1660\sakura\release_one\cdlgtypelist.obj
d:\usr\koei\tenshouki95\dllwrap\sakura\sakura_1660\sakura\release_one\ceditview_command.obj
d:\usr\koei\tenshouki95\dllwrap\sakura\sakura_1660\sakura\release_one\cmemory.obj
d:\usr\koei\tenshouki95\dllwrap\sakura\sakura_1660\sakura\release_one\cnormalprocess.obj
d:\usr\koei\tenshouki95\dllwrap\sakura\sakura_1660\sakura\release_one\cpropcomkeyword.obj
d:\usr\koei\tenshouki95\dllwrap\sakura\sakura_1660\sakura\release_one\cuxtheme.obj
d:\usr\koei\tenshouki95\dllwrap\sakura\sakura_1660\sakura\release_one\cwaitcursor.obj
d:\usr\koei\tenshouki95\dllwrap\sakura\sakura_1660\sakura\release_one\cwsh.obj
d:\usr\koei\tenshouki95\dllwrap\sakura\sakura_1660\sakura\release_one\ccontrolprocess.obj
d:\usr\koei\tenshouki95\dllwrap\sakura\sakura_1660\sakura\release_one\cdlgtagsmake.obj
d:\usr\koei\tenshouki95\dllwrap\sakura\sakura_1660\sakura\release_one\ceditview_command_new.obj
d:\usr\koei\tenshouki95\dllwrap\sakura\sakura_1660\sakura\release_one\cmenudrawer.obj
d:\usr\koei\tenshouki95\dllwrap\sakura\sakura_1660\sakura\release_one\cpropcomformat.obj
d:\usr\koei\tenshouki95\dllwrap\sakura\sakura_1660\sakura\release_one\csharedata_new.obj
d:\usr\koei\tenshouki95\dllwrap\sakura\sakura_1660\sakura\release_one\cdlgdiff.obj
d:\usr\koei\tenshouki95\dllwrap\sakura\sakura_1660\sakura\release_one\cdoclinemgr.obj
d:\usr\koei\tenshouki95\dllwrap\sakura\sakura_1660\sakura\release_one\ceditview_diff.obj
d:\usr\koei\tenshouki95\dllwrap\sakura\sakura_1660\sakura\release_one\clayoutmgr.obj
d:\usr\koei\tenshouki95\dllwrap\sakura\sakura_1660\sakura\release_one\cpropcomcustmenu.obj
d:\usr\koei\tenshouki95\dllwrap\sakura\sakura_1660\sakura\release_one\cproptypesregex.obj
d:\usr\koei\tenshouki95\dllwrap\sakura\sakura_1660\sakura\release_one\cdlgfavorite.obj
d:\usr\koei\tenshouki95\dllwrap\sakura\sakura_1660\sakura\release_one\cdlgtagjumplist.obj
d:\usr\koei\tenshouki95\dllwrap\sakura\sakura_1660\sakura\release_one\ceditview_new2.obj
d:\usr\koei\tenshouki95\dllwrap\sakura\sakura_1660\sakura\release_one\cmacromanagerbase.obj
d:\usr\koei\tenshouki95\dllwrap\sakura\sakura_1660\sakura\release_one\cmarkmgr.obj
d:\usr\koei\tenshouki95\dllwrap\sakura\sakura_1660\sakura\release_one\cprint.obj
d:\usr\koei\tenshouki95\dllwrap\sakura\sakura_1660\sakura\release_one\cpropcommacro.obj
d:\usr\koei\tenshouki95\dllwrap\sakura\sakura_1660\sakura\release_one\ctabwnd.obj
d:\usr\koei\tenshouki95\dllwrap\sakura\sakura_1660\sakura\release_one\etc_uty.obj
d:\usr\koei\tenshouki95\dllwrap\sakura\sakura_1660\sakura\release_one\my_sp.obj
d:\usr\koei\tenshouki95\dllwrap\sakura\sakura_1660\sakura\release_one\sakura.exe
d:\usr\koei\tenshouki95\dllwrap\sakura\sakura_1660\sakura\release_one\sakura_rc.res
d:\usr\koei\tenshouki95\dllwrap\sakura\sakura_1660\sakura\.\release_one\sakura.exe
d:\usr\koei\tenshouki95\dllwrap\sakura\sakura_1660\sakura\release_one\sakura.tlog\cl.command.1.tlog
d:\usr\koei\tenshouki95\dllwrap\sakura\sakura_1660\sakura\release_one\sakura.tlog\cl.read.1.tlog
d:\usr\koei\tenshouki95\dllwrap\sakura\sakura_1660\sakura\release_one\sakura.tlog\cl.write.1.tlog
d:\usr\koei\tenshouki95\dllwrap\sakura\sakura_1660\sakura\release_one\sakura.tlog\link.command.1.tlog
d:\usr\koei\tenshouki95\dllwrap\sakura\sakura_1660\sakura\release_one\sakura.tlog\link.read.1.tlog
d:\usr\koei\tenshouki95\dllwrap\sakura\sakura_1660\sakura\release_one\sakura.tlog\link.write.1.tlog
d:\usr\koei\tenshouki95\dllwrap\sakura\sakura_1660\sakura\release_one\sakura.tlog\rc.command.1.tlog
d:\usr\koei\tenshouki95\dllwrap\sakura\sakura_1660\sakura\release_one\sakura.tlog\rc.read.1.tlog
d:\usr\koei\tenshouki95\dllwrap\sakura\sakura_1660\sakura\release_one\sakura.tlog\rc.write.1.tlog
